TN:
SF:src\app.js
FN:20,(anonymous_0)
FNF:1
FNH:0
FNDA:0,(anonymous_0)
DA:4,6
DA:5,6
DA:6,6
DA:8,6
DA:10,6
DA:11,6
DA:13,6
DA:14,6
DA:15,6
DA:16,6
DA:17,6
DA:18,6
DA:20,6
DA:22,6
LF:14
LH:14
BRF:0
BRH:0
end_of_record
TN:
SF:src\controllers\authController.js
FN:7,(anonymous_0)
FN:10,(anonymous_1)
FN:30,(anonymous_2)
FNF:3
FNH:3
FNDA:2,(anonymous_0)
FNDA:3,(anonymous_1)
FNDA:3,(anonymous_2)
DA:1,6
DA:2,6
DA:3,6
DA:5,6
DA:7,6
DA:8,2
DA:10,6
DA:11,3
DA:12,3
DA:13,3
DA:14,1
DA:16,2
DA:17,2
DA:19,1
DA:20,1
DA:24,1
DA:26,0
DA:30,6
DA:31,3
DA:32,3
DA:33,3
DA:34,3
DA:36,2
DA:37,2
DA:39,1
DA:41,0
LF:26
LH:24
BRDA:13,0,0,1
BRDA:13,0,1,2
BRDA:13,1,0,3
BRDA:13,1,1,2
BRDA:13,1,2,2
BRDA:17,2,0,1
BRDA:17,2,1,1
BRDA:34,3,0,1
BRDA:34,3,1,2
BRDA:37,4,0,1
BRDA:37,4,1,1
BRF:11
BRH:11
end_of_record
TN:
SF:src\controllers\characterController.js
FN:10,(anonymous_0)
FN:56,(anonymous_1)
FN:79,(anonymous_2)
FN:96,(anonymous_3)
FNF:4
FNH:4
FNDA:5,(anonymous_0)
FNDA:3,(anonymous_1)
FNDA:3,(anonymous_2)
FNDA:2,(anonymous_3)
DA:1,6
DA:2,6
DA:4,6
DA:10,6
DA:11,5
DA:12,5
DA:14,5
DA:15,1
DA:17,4
DA:18,1
DA:20,3
DA:21,3
DA:22,2
DA:24,2
DA:27,2
DA:29,1
DA:30,1
DA:46,1
DA:50,1
DA:52,0
DA:56,6
DA:57,3
DA:58,3
DA:70,3
DA:71,2
DA:73,1
DA:75,0
DA:79,6
DA:80,3
DA:81,3
DA:82,3
DA:83,2
DA:85,1
DA:90,1
DA:92,0
DA:96,6
DA:97,2
DA:98,2
DA:103,2
DA:104,1
DA:106,0
LF:41
LH:37
BRDA:12,0,0,1
BRDA:14,1,0,1
BRDA:14,1,1,4
BRDA:14,2,0,5
BRDA:14,2,1,5
BRDA:14,2,2,5
BRDA:14,2,3,4
BRDA:14,2,4,4
BRDA:17,3,0,1
BRDA:17,3,1,3
BRDA:21,4,0,1
BRDA:21,4,1,2
BRDA:22,5,0,0
BRDA:22,5,1,2
BRDA:27,6,0,1
BRDA:27,6,1,1
BRDA:39,7,0,1
BRDA:39,7,1,0
BRDA:40,8,0,1
BRDA:40,8,1,0
BRDA:41,9,0,1
BRDA:41,9,1,0
BRDA:42,10,0,1
BRDA:42,10,1,0
BRDA:70,11,0,1
BRDA:70,11,1,2
BRDA:71,12,0,1
BRDA:71,12,1,1
BRDA:82,13,0,1
BRDA:82,13,1,2
BRDA:83,14,0,1
BRDA:83,14,1,1
BRDA:103,15,0,1
BRDA:103,15,1,1
BRF:34
BRH:29
end_of_record
TN:
SF:src\controllers\investmentController.js
FN:8,(anonymous_0)
FN:19,(anonymous_1)
FN:54,(anonymous_2)
FN:94,(anonymous_3)
FN:101,(anonymous_4)
FN:126,(anonymous_5)
FN:135,(anonymous_6)
FN:158,(anonymous_7)
FN:233,(anonymous_8)
FN:242,(anonymous_9)
FN:258,(anonymous_10)
FNF:11
FNH:7
FNDA:1,(anonymous_0)
FNDA:4,(anonymous_1)
FNDA:2,(anonymous_2)
FNDA:2,(anonymous_3)
FNDA:1,(anonymous_4)
FNDA:0,(anonymous_5)
FNDA:0,(anonymous_6)
FNDA:0,(anonymous_7)
FNDA:1,(anonymous_8)
FNDA:2,(anonymous_9)
FNDA:0,(anonymous_10)
DA:1,6
DA:2,6
DA:4,6
DA:8,6
DA:9,1
DA:10,1
DA:13,1
DA:15,0
DA:19,6
DA:20,4
DA:21,4
DA:22,4
DA:27,4
DA:28,4
DA:29,3
DA:30,2
DA:32,1
DA:48,1
DA:50,0
DA:54,6
DA:55,2
DA:56,2
DA:60,2
DA:61,2
DA:63,2
DA:66,2
DA:67,0
DA:68,2
DA:69,1
DA:71,1
DA:72,1
DA:73,1
DA:75,1
DA:86,1
DA:88,0
DA:94,6
DA:95,2
DA:96,2
DA:97,2
DA:99,1
DA:101,1
DA:102,1
DA:105,1
DA:109,1
DA:110,1
DA:111,1
DA:113,1
DA:120,1
DA:122,0
DA:126,6
DA:127,0
DA:128,0
DA:132,0
DA:133,0
DA:135,0
DA:136,0
DA:139,0
DA:140,0
DA:141,0
DA:142,0
DA:144,0
DA:152,0
DA:154,0
DA:158,6
DA:159,0
DA:160,0
DA:161,0
DA:162,0
DA:164,0
DA:168,0
DA:169,0
DA:171,0
DA:172,0
DA:174,0
DA:177,0
DA:178,0
DA:180,0
DA:181,0
DA:183,0
DA:187,0
DA:205,0
DA:208,0
DA:211,0
DA:212,0
DA:214,0
DA:224,0
DA:227,0
DA:233,6
DA:234,1
DA:235,1
DA:236,1
DA:238,0
DA:242,6
DA:243,2
DA:244,2
DA:245,2
DA:246,2
DA:248,1
DA:252,1
DA:254,0
DA:258,6
DA:259,0
DA:260,0
DA:261,0
DA:265,0
DA:266,0
DA:267,0
DA:269,0
DA:270,0
DA:272,0
DA:274,0
DA:291,0
DA:293,0
LF:113
LH:58
BRDA:21,0,0,4
BRDA:27,1,0,0
BRDA:27,1,1,4
BRDA:28,2,0,1
BRDA:28,2,1,3
BRDA:29,3,0,1
BRDA:29,3,1,2
BRDA:30,4,0,1
BRDA:30,4,1,1
BRDA:60,5,0,0
BRDA:60,5,1,2
BRDA:61,6,0,0
BRDA:61,6,1,2
BRDA:66,7,0,0
BRDA:66,7,1,2
BRDA:66,8,0,2
BRDA:66,8,1,2
BRDA:68,9,0,1
BRDA:68,9,1,1
BRDA:97,10,0,1
BRDA:97,10,1,1
BRDA:109,11,0,0
BRDA:109,11,1,1
BRDA:110,12,0,0
BRDA:110,12,1,1
BRDA:132,13,0,0
BRDA:132,13,1,0
BRDA:133,14,0,0
BRDA:133,14,1,0
BRDA:139,15,0,0
BRDA:139,15,1,0
BRDA:161,16,0,0
BRDA:161,16,1,0
BRDA:162,17,0,0
BRDA:162,17,1,0
BRDA:168,18,0,0
BRDA:168,18,1,0
BRDA:169,19,0,0
BRDA:169,19,1,0
BRDA:172,20,0,0
BRDA:172,20,1,0
BRDA:177,21,0,0
BRDA:177,21,1,0
BRDA:180,22,0,0
BRDA:180,22,1,0
BRDA:181,23,0,0
BRDA:181,23,1,0
BRDA:188,24,0,0
BRDA:188,24,1,0
BRDA:211,25,0,0
BRDA:211,25,1,0
BRDA:211,26,0,0
BRDA:211,26,1,0
BRDA:215,27,0,0
BRDA:215,27,1,0
BRDA:245,28,0,0
BRDA:245,28,1,2
BRDA:246,29,0,1
BRDA:246,29,1,1
BRDA:265,30,0,0
BRDA:265,30,1,0
BRDA:266,31,0,0
BRDA:266,31,1,0
BRDA:267,32,0,0
BRDA:267,32,1,0
BRDA:270,33,0,0
BRDA:270,33,1,0
BRF:67
BRH:22
end_of_record
TN:
SF:src\controllers\roomController.js
FN:4,(anonymous_0)
FN:6,(anonymous_1)
FN:9,(anonymous_2)
FN:29,(anonymous_3)
FN:47,(anonymous_4)
FN:66,(anonymous_5)
FN:74,(anonymous_6)
FNF:7
FNH:7
FNDA:4,(anonymous_0)
FNDA:24,(anonymous_1)
FNDA:3,(anonymous_2)
FNDA:2,(anonymous_3)
FNDA:4,(anonymous_4)
FNDA:2,(anonymous_5)
FNDA:3,(anonymous_6)
DA:1,6
DA:2,6
DA:4,6
DA:5,4
DA:6,24
DA:9,6
DA:10,3
DA:11,3
DA:14,3
DA:15,4
DA:16,4
DA:19,3
DA:23,2
DA:25,1
DA:29,6
DA:30,2
DA:31,2
DA:40,2
DA:41,1
DA:43,0
DA:47,6
DA:48,4
DA:49,4
DA:51,4
DA:52,3
DA:53,2
DA:55,1
DA:60,1
DA:62,0
DA:66,6
DA:67,2
DA:68,2
DA:74,3
DA:80,2
DA:82,0
LF:35
LH:32
BRDA:11,0,0,2
BRDA:40,1,0,1
BRDA:40,1,1,1
BRDA:51,2,0,1
BRDA:51,2,1,3
BRDA:52,3,0,1
BRDA:52,3,1,2
BRDA:53,4,0,1
BRDA:53,4,1,1
BRF:9
BRH:9
end_of_record
TN:
SF:src\controllers\skillController.js
FN:4,(anonymous_0)
FN:15,(anonymous_1)
FN:32,(anonymous_2)
FN:45,(anonymous_3)
FN:65,(anonymous_4)
FN:70,(anonymous_5)
FN:76,(anonymous_6)
FNF:7
FNH:5
FNDA:2,(anonymous_0)
FNDA:3,(anonymous_1)
FNDA:1,(anonymous_2)
FNDA:8,(anonymous_3)
FNDA:1,(anonymous_4)
FNDA:0,(anonymous_5)
FNDA:0,(anonymous_6)
DA:1,6
DA:2,6
DA:4,6
DA:5,2
DA:6,2
DA:9,2
DA:11,0
DA:15,6
DA:16,3
DA:17,3
DA:25,3
DA:26,2
DA:28,1
DA:32,1
DA:41,0
DA:45,6
DA:46,8
DA:47,8
DA:49,8
DA:58,8
DA:59,7
DA:61,6
DA:62,6
DA:65,5
DA:66,5
DA:69,4
DA:70,1
DA:71,0
DA:73,1
DA:76,1
DA:77,1
DA:81,3
DA:82,3
DA:84,3
DA:85,3
DA:86,3
DA:87,1
DA:88,2
DA:89,0
DA:92,2
DA:96,2
DA:101,2
DA:103,0
LF:43
LH:38
BRDA:25,0,0,1
BRDA:25,0,1,2
BRDA:26,1,0,1
BRDA:26,1,1,1
BRDA:29,2,0,1
BRDA:29,2,1,0
BRDA:30,3,0,1
BRDA:30,3,1,0
BRDA:31,4,0,1
BRDA:31,4,1,0
BRDA:58,5,0,1
BRDA:58,5,1,7
BRDA:59,6,0,1
BRDA:59,6,1,6
BRDA:62,7,0,1
BRDA:62,7,1,5
BRDA:66,8,0,1
BRDA:66,8,1,4
BRDA:69,9,0,1
BRDA:69,9,1,3
BRDA:77,10,0,1
BRDA:77,10,1,0
BRDA:82,11,0,1
BRDA:82,11,1,2
BRDA:85,12,0,0
BRDA:85,12,1,3
BRDA:86,13,0,1
BRDA:86,13,1,2
BRDA:88,14,0,0
BRDA:88,14,1,2
BRF:30
BRH:24
end_of_record
TN:
SF:src\controllers\turnController.js
FN:5,(anonymous_0)
FN:18,(anonymous_1)
FN:29,(anonymous_2)
FNF:3
FNH:3
FNDA:4,(anonymous_0)
FNDA:2,(anonymous_1)
FNDA:6,(anonymous_2)
DA:1,6
DA:2,6
DA:3,6
DA:5,6
DA:6,4
DA:7,4
DA:8,4
DA:9,3
DA:11,2
DA:12,2
DA:14,0
DA:18,6
DA:19,2
DA:20,2
DA:21,2
DA:22,2
DA:23,1
DA:25,0
DA:29,6
DA:30,6
DA:31,6
DA:32,6
DA:33,6
DA:36,6
DA:43,6
DA:45,5
DA:46,5
DA:48,4
DA:49,4
DA:51,3
DA:52,3
DA:53,3
DA:55,2
DA:56,2
DA:58,2
DA:59,1
DA:60,1
DA:64,1
DA:67,2
DA:68,0
DA:69,0
DA:73,0
DA:76,2
DA:77,0
DA:78,0
DA:79,0
DA:80,0
DA:84,0
DA:86,0
DA:87,0
DA:91,0
DA:95,2
DA:104,2
DA:109,2
DA:111,0
LF:55
LH:41
BRDA:8,0,0,1
BRDA:8,0,1,3
BRDA:9,1,0,1
BRDA:9,1,1,2
BRDA:21,2,0,2
BRDA:21,2,1,1
BRDA:22,3,0,1
BRDA:22,3,1,1
BRDA:43,4,0,1
BRDA:43,4,1,5
BRDA:46,5,0,1
BRDA:46,5,1,4
BRDA:49,6,0,1
BRDA:49,6,1,3
BRDA:52,7,0,0
BRDA:52,7,1,3
BRDA:53,8,0,1
BRDA:53,8,1,2
BRDA:58,9,0,1
BRDA:58,9,1,1
BRDA:64,10,0,0
BRDA:64,10,1,1
BRDA:67,11,0,0
BRDA:67,11,1,2
BRDA:76,12,0,0
BRDA:76,12,1,2
BRDA:78,13,0,0
BRDA:78,13,1,0
BRF:28
BRH:22
end_of_record
TN:
SF:src\middleware\auth.js
FN:3,(anonymous_0)
FNF:1
FNH:1
FNDA:78,(anonymous_0)
DA:1,7
DA:3,7
DA:4,78
DA:5,78
DA:7,60
DA:8,60
DA:9,58
DA:11,2
LF:8
LH:8
BRDA:5,0,0,18
BRDA:5,0,1,60
BRF:2
BRH:2
end_of_record
TN:
SF:src\routes\auth.js
FN:10,(anonymous_0)
FNF:1
FNH:0
FNDA:0,(anonymous_0)
DA:1,6
DA:2,6
DA:3,6
DA:4,6
DA:6,6
DA:7,6
DA:10,6
DA:11,0
DA:12,0
DA:16,0
DA:18,0
DA:22,6
LF:12
LH:8
BRF:0
BRH:0
end_of_record
TN:
SF:src\routes\characters.js
FNF:0
FNH:0
DA:1,6
DA:2,6
DA:3,6
DA:5,6
DA:6,6
DA:7,6
DA:8,6
DA:10,6
LF:8
LH:8
BRF:0
BRH:0
end_of_record
TN:
SF:src\routes\investments.js
FNF:0
FNH:0
DA:1,6
DA:2,6
DA:7,6
DA:9,6
DA:10,6
DA:11,6
DA:13,6
DA:14,6
DA:15,6
DA:17,6
DA:18,6
DA:19,6
DA:21,6
LF:13
LH:13
BRF:0
BRH:0
end_of_record
TN:
SF:src\routes\rooms.js
FNF:0
FNH:0
DA:1,6
DA:2,6
DA:5,6
DA:7,6
DA:8,6
DA:9,6
DA:10,6
DA:12,6
LF:8
LH:8
BRF:0
BRH:0
end_of_record
TN:
SF:src\routes\skills.js
FNF:0
FNH:0
DA:1,6
DA:2,6
DA:3,6
DA:5,6
DA:6,6
DA:7,6
DA:9,6
LF:7
LH:7
BRF:0
BRH:0
end_of_record
TN:
SF:src\routes\turns.js
FNF:0
FNH:0
DA:1,6
DA:2,6
DA:3,6
DA:5,6
DA:6,6
DA:7,6
DA:9,6
LF:7
LH:7
BRF:0
BRH:0
end_of_record
TN:
SF:src\utils\seed.js
FN:4,seed
FNF:1
FNH:0
FNDA:0,seed
DA:1,0
DA:2,0
DA:5,0
DA:7,0
DA:9,0
DA:28,0
DA:30,0
DA:32,0
DA:42,0
DA:44,0
DA:46,0
DA:54,0
DA:55,0
DA:58,0
LF:14
LH:0
BRF:0
BRH:0
end_of_record
TN:
SF:src\utils\turnEngine.js
FN:119,pickEvent
FN:123,applyFixedCosts
FN:149,applyFixedIncomeReturns
FN:167,applyEvent
FN:195,generateAssetPrices
FN:218,checkDebentures
FN:268,saveSnapshot
FN:278,(anonymous_7)
FN:279,(anonymous_8)
FN:293,processTurn
FN:341,buildLeaderboard
FN:354,(anonymous_11)
FN:355,(anonymous_12)
FNF:13
FNH:11
FNDA:10,pickEvent
FNDA:10,applyFixedCosts
FNDA:10,applyFixedIncomeReturns
FNDA:10,applyEvent
FNDA:9,generateAssetPrices
FNDA:10,checkDebentures
FNDA:10,saveSnapshot
FNDA:1,(anonymous_7)
FNDA:0,(anonymous_8)
FNDA:11,processTurn
FNDA:2,buildLeaderboard
FNDA:2,(anonymous_11)
FNDA:0,(anonymous_12)
DA:1,6
DA:2,6
DA:4,6
DA:19,6
DA:120,10
DA:124,10
DA:129,10
DA:130,10
DA:131,10
DA:133,10
DA:134,1
DA:135,1
DA:136,1
DA:138,9
DA:141,10
DA:146,10
DA:150,10
DA:154,10
DA:155,10
DA:156,1
DA:157,1
DA:158,1
DA:164,10
DA:168,10
DA:169,10
DA:172,10
DA:173,0
DA:176,10
DA:177,8
DA:183,10
DA:192,10
DA:196,9
DA:198,9
DA:199,0
DA:203,0
DA:206,0
DA:207,0
DA:208,0
DA:210,0
DA:219,10
DA:224,10
DA:225,0
DA:226,0
DA:228,0
DA:229,0
DA:233,0
DA:241,0
DA:242,0
DA:243,0
DA:244,0
DA:246,0
DA:257,0
DA:269,10
DA:278,10
DA:279,10
DA:280,10
DA:281,10
DA:282,10
DA:284,10
DA:290,10
DA:294,11
DA:299,11
DA:301,9
DA:302,9
DA:304,9
DA:306,9
DA:307,10
DA:308,10
DA:309,10
DA:310,10
DA:311,10
DA:313,10
DA:322,9
DA:324,9
DA:334,9
DA:336,9
DA:338,9
DA:342,2
DA:353,2
DA:354,2
DA:355,0
DA:357,2
DA:358,2
DA:366,6
LF:84
LH:65
BRDA:133,0,0,1
BRDA:133,0,1,9
BRDA:172,1,0,0
BRDA:172,1,1,10
BRDA:172,2,0,10
BRDA:172,2,1,2
BRDA:176,3,0,8
BRDA:176,3,1,2
BRDA:203,4,0,0
BRDA:203,4,1,0
BRDA:206,5,0,0
BRDA:206,5,1,0
BRDA:206,6,0,0
BRDA:206,6,1,0
BRDA:228,7,0,0
BRDA:228,7,1,0
BRDA:299,8,0,2
BRDA:299,8,1,9
BRDA:299,9,0,11
BRDA:299,9,1,10
BRDA:328,10,0,2
BRDA:328,10,1,7
BRDA:329,11,0,2
BRDA:329,11,1,7
BRDA:334,12,0,2
BRDA:334,12,1,7
BRDA:336,13,0,9
BRDA:336,13,1,0
BRDA:354,14,0,2
BRDA:354,14,1,0
BRF:30
BRH:19
end_of_record
